2021-07-01 21:09:20 [background-preinit] INFO  o.h.validator.internal.util.Version -
				HV000001: Hibernate Validator 6.2.0.Final
2021-07-01 21:09:20 [main] INFO  com.api1.Api1Application -
				Starting Api1Application using Java 15.0.2 on DESKTOP-QNMA0KE with PID 6012 (C:\Users\JISHNU\git\api1\api1\target\classes started by JISHNU in C:\Users\JISHNU\git\api1\api1)
2021-07-01 21:09:20 [main] INFO  com.api1.Api1Application -
				No active profile set, falling back to default profiles: default
2021-07-01 21:09:22 [main] INFO  o.s.b.w.e.tomcat.TomcatWebServer -
				Tomcat initialized with port(s): 8081 (http)
2021-07-01 21:09:22 [main] INFO  o.a.coyote.http11.Http11NioProtocol -
				Initializing ProtocolHandler ["http-nio-8081"]
2021-07-01 21:09:22 [main] INFO  o.a.catalina.core.StandardService -
				Starting service [Tomcat]
2021-07-01 21:09:22 [main] INFO  o.a.catalina.core.StandardEngine -
				Starting Servlet engine: [Apache Tomcat/9.0.46]
2021-07-01 21:09:22 [main] INFO  o.a.c.c.C.[Tomcat].[localhost].[/] -
				Initializing Spring embedded WebApplicationContext
2021-07-01 21:09:22 [main] INFO  o.s.b.w.s.c.ServletWebServerApplicationContext -
				Root WebApplicationContext: initialization completed in 2146 ms
2021-07-01 21:09:22 [main] INFO  s.d.s.w.PropertySourcedRequestMappingHandlerMapping -
				Mapped URL path [/v2/api-docs] onto method [springfox.documentation.swagger2.web.Swagger2Controller#getDocumentation(String, HttpServletRequest)]
2021-07-01 21:09:23 [main] INFO  o.a.coyote.http11.Http11NioProtocol -
				Starting ProtocolHandler ["http-nio-8081"]
2021-07-01 21:09:23 [main] INFO  o.s.b.w.e.tomcat.TomcatWebServer -
				Tomcat started on port(s): 8081 (http) with context path ''
2021-07-01 21:09:23 [main] INFO  s.d.s.w.p.DocumentationPluginsBootstrapper -
				Context refreshed
2021-07-01 21:09:23 [main] INFO  s.d.s.w.p.DocumentationPluginsBootstrapper -
				Found 1 custom documentation plugin(s)
2021-07-01 21:09:23 [main] INFO  s.d.s.w.s.ApiListingReferenceScanner -
				Scanning for api listing references
2021-07-01 21:09:23 [main] INFO  com.api1.Api1Application -
				Started Api1Application in 4.275 seconds (JVM running for 5.605)
2021-07-01 21:09:43 [http-nio-8081-exec-1] INFO  o.a.c.c.C.[Tomcat].[localhost].[/] -
				Initializing Spring DispatcherServlet 'dispatcherServlet'
2021-07-01 21:09:43 [http-nio-8081-exec-1] INFO  o.s.web.servlet.DispatcherServlet -
				Initializing Servlet 'dispatcherServlet'
2021-07-01 21:09:43 [http-nio-8081-exec-1] INFO  o.s.web.servlet.DispatcherServlet -
				Completed initialization in 1 ms
2021-07-01 21:10:19 [http-nio-8081-exec-9] INFO  com.api1.service.ProductServiceImpl -
				Called getProductById service
2021-07-01 21:10:23 [http-nio-8081-exec-9] INFO  com.api1.service.ProductServiceImpl -
				Product was found
2021-07-01 21:10:23 [http-nio-8081-exec-9] INFO  com.api1.service.ProductServiceImpl -
				Exited getProductById service
2021-07-01 21:12:54 [http-nio-8081-exec-2] INFO  com.api1.service.ProductServiceImpl -
				Called getProductById service
2021-07-01 21:12:54 [http-nio-8081-exec-2] INFO  com.api1.service.ProductServiceImpl -
				Product was found
2021-07-01 21:12:54 [http-nio-8081-exec-2] INFO  com.api1.service.ProductServiceImpl -
				Exited getProductById service
2021-07-01 21:13:57 [http-nio-8081-exec-6] INFO  com.api1.service.ProductServiceImpl -
				Called deleteProduct service
2021-07-01 21:13:57 [http-nio-8081-exec-6] INFO  com.api1.service.ProductServiceImpl -
				Throwed Product Not Deleted Exception
2021-07-01 21:14:08 [http-nio-8081-exec-4] INFO  com.api1.service.ProductServiceImpl -
				Called deleteProduct service
2021-07-01 21:14:08 [http-nio-8081-exec-4] INFO  com.api1.service.ProductServiceImpl -
				Throwed Product Not Deleted Exception
2021-07-01 21:14:38 [http-nio-8081-exec-7] INFO  com.api1.service.ProductServiceImpl -
				Called deleteProduct service
2021-07-01 21:14:38 [http-nio-8081-exec-7] INFO  com.api1.service.ProductServiceImpl -
				Throwed Product Not Deleted Exception
2021-07-01 21:17:27 [http-nio-8081-exec-10] INFO  com.api1.service.ProductServiceImpl -
				Called addProduct Service
2021-07-01 21:17:30 [http-nio-8081-exec-10] INFO  com.api1.service.ProductServiceImpl -
				Product was Added
2021-07-01 21:17:30 [http-nio-8081-exec-10] INFO  com.api1.service.ProductServiceImpl -
				Exited addProduct service
2021-07-01 21:20:17 [http-nio-8081-exec-3] INFO  com.api1.service.ProductServiceImpl -
				Called addProduct Service
2021-07-01 21:20:17 [http-nio-8081-exec-3] INFO  com.api1.service.ProductServiceImpl -
				Throwed Product Already Present Exception
2021-07-01 21:22:43 [http-nio-8081-exec-8] INFO  com.api1.service.ProductServiceImpl -
				Called updateProductService
2021-07-01 21:22:43 [http-nio-8081-exec-8] INFO  com.api1.service.ProductServiceImpl -
				Product was Updated
2021-07-01 21:22:43 [http-nio-8081-exec-8] INFO  com.api1.service.ProductServiceImpl -
				Exited updateProduct service
2021-07-01 21:23:32 [http-nio-8081-exec-9] INFO  com.api1.service.ProductServiceImpl -
				Called updateProductService
2021-07-01 21:23:32 [http-nio-8081-exec-9] INFO  com.api1.service.ProductServiceImpl -
				Product was Updated
2021-07-01 21:23:32 [http-nio-8081-exec-9] INFO  com.api1.service.ProductServiceImpl -
				Exited updateProduct service
2021-07-01 21:23:52 [http-nio-8081-exec-10] INFO  com.api1.service.ProductServiceImpl -
				Called updateProductService
2021-07-01 21:23:52 [http-nio-8081-exec-10] INFO  com.api1.service.ProductServiceImpl -
				Product was Updated
2021-07-01 21:23:52 [http-nio-8081-exec-10] INFO  com.api1.service.ProductServiceImpl -
				Exited updateProduct service
2021-07-01 21:35:07 [http-nio-8081-exec-3] INFO  com.api1.service.ProductServiceImpl -
				Called deleteProduct service
2021-07-01 21:35:07 [http-nio-8081-exec-3] INFO  com.api1.service.ProductServiceImpl -
				Throwed Product Not Deleted Exception
2021-07-01 21:35:12 [http-nio-8081-exec-5] INFO  com.api1.service.ProductServiceImpl -
				Called deleteProduct service
2021-07-01 21:35:12 [http-nio-8081-exec-5] INFO  com.api1.service.ProductServiceImpl -
				Throwed Product Not Deleted Exception
2021-07-01 21:35:33 [http-nio-8081-exec-4] INFO  com.api1.service.ProductServiceImpl -
				Called deleteProduct service
2021-07-01 21:35:33 [http-nio-8081-exec-4] INFO  com.api1.service.ProductServiceImpl -
				Product is Deleted
2021-07-01 21:35:33 [http-nio-8081-exec-4] INFO  com.api1.service.ProductServiceImpl -
				Exited deleteProduct service
2021-07-01 21:36:36 [http-nio-8081-exec-8] INFO  com.api1.service.ProductServiceImpl -
				Called deleteProduct service
2021-07-01 21:36:36 [http-nio-8081-exec-8] INFO  com.api1.service.ProductServiceImpl -
				Throwed Product Not Deleted Exception
2021-07-01 21:36:38 [http-nio-8081-exec-9] INFO  com.api1.service.ProductServiceImpl -
				Called deleteProduct service
2021-07-01 21:36:38 [http-nio-8081-exec-9] INFO  com.api1.service.ProductServiceImpl -
				Throwed Product Not Deleted Exception
2021-07-01 21:36:40 [http-nio-8081-exec-10] INFO  com.api1.service.ProductServiceImpl -
				Called deleteProduct service
2021-07-01 21:36:40 [http-nio-8081-exec-10] INFO  com.api1.service.ProductServiceImpl -
				Throwed Product Not Deleted Exception
2021-07-01 21:36:41 [http-nio-8081-exec-1] INFO  com.api1.service.ProductServiceImpl -
				Called deleteProduct service
2021-07-01 21:36:41 [http-nio-8081-exec-1] INFO  com.api1.service.ProductServiceImpl -
				Throwed Product Not Deleted Exception
2021-07-01 21:36:41 [http-nio-8081-exec-2] INFO  com.api1.service.ProductServiceImpl -
				Called deleteProduct service
2021-07-01 21:36:41 [http-nio-8081-exec-2] INFO  com.api1.service.ProductServiceImpl -
				Throwed Product Not Deleted Exception
2021-07-01 21:36:42 [http-nio-8081-exec-3] INFO  com.api1.service.ProductServiceImpl -
				Called deleteProduct service
2021-07-01 21:36:42 [http-nio-8081-exec-3] INFO  com.api1.service.ProductServiceImpl -
				Throwed Product Not Deleted Exception
2021-07-01 21:39:41 [RMI TCP Connection(32)-127.0.0.1] INFO  o.s.b.a.SpringApplicationAdminMXBeanRegistrar$SpringApplicationAdmin -
				Application shutdown requested.
