2021-07-01 15:34:31 [main] INFO  com.api1.Api1Application -
				Starting Api1Application using Java 15.0.2 on DESKTOP-QNMA0KE with PID 10032 (C:\Users\JISHNU\git\api1\api1\target\classes started by JISHNU in C:\Users\JISHNU\git\api1\api1)
2021-07-01 15:34:31 [main] INFO  com.api1.Api1Application -
				No active profile set, falling back to default profiles: default
2021-07-01 15:34:31 [background-preinit] INFO  o.h.validator.internal.util.Version -
				HV000001: Hibernate Validator 6.2.0.Final
2021-07-01 15:34:46 [main] INFO  o.s.b.w.e.tomcat.TomcatWebServer -
				Tomcat initialized with port(s): 8081 (http)
2021-07-01 15:34:46 [main] INFO  o.a.coyote.http11.Http11NioProtocol -
				Initializing ProtocolHandler ["http-nio-8081"]
2021-07-01 15:34:46 [main] INFO  o.a.catalina.core.StandardService -
				Starting service [Tomcat]
2021-07-01 15:34:46 [main] INFO  o.a.catalina.core.StandardEngine -
				Starting Servlet engine: [Apache Tomcat/9.0.46]
2021-07-01 15:34:47 [main] INFO  o.a.c.c.C.[Tomcat].[localhost].[/] -
				Initializing Spring embedded WebApplicationContext
2021-07-01 15:34:47 [main] INFO  o.s.b.w.s.c.ServletWebServerApplicationContext -
				Root WebApplicationContext: initialization completed in 15588 ms
2021-07-01 15:34:49 [main] INFO  s.d.s.w.PropertySourcedRequestMappingHandlerMapping -
				Mapped URL path [/v2/api-docs] onto method [springfox.documentation.swagger2.web.Swagger2Controller#getDocumentation(String, HttpServletRequest)]
2021-07-01 15:35:03 [main] INFO  o.a.coyote.http11.Http11NioProtocol -
				Starting ProtocolHandler ["http-nio-8081"]
2021-07-01 15:35:03 [main] INFO  o.s.b.w.e.tomcat.TomcatWebServer -
				Tomcat started on port(s): 8081 (http) with context path ''
2021-07-01 15:35:03 [main] INFO  s.d.s.w.p.DocumentationPluginsBootstrapper -
				Context refreshed
2021-07-01 15:35:04 [main] INFO  s.d.s.w.p.DocumentationPluginsBootstrapper -
				Found 1 custom documentation plugin(s)
2021-07-01 15:35:04 [main] INFO  s.d.s.w.s.ApiListingReferenceScanner -
				Scanning for api listing references
2021-07-01 15:35:05 [main] INFO  com.api1.Api1Application -
				Started Api1Application in 40.11 seconds (JVM running for 47.61)
2021-07-01 15:35:55 [RMI TCP Connection(4)-127.0.0.1] INFO  o.s.b.a.SpringApplicationAdminMXBeanRegistrar$SpringApplicationAdmin -
				Application shutdown requested.
